<?xml version="1.0" encoding="UTF-8"?>
<!-- Generated by org.testng.reporters.JUnitReportReporter -->
<testsuite hostname="DZ008" name="com.test.Abc" tests="2" failures="0" timestamp="14 Feb 2017 06:19:23 GMT" time="3.624" errors="0">
  <testcase name="testCase" time="2.550" classname="com.test.Abc"/>
  <testcase name="testAbac" time="1.074" classname="com.test.Abc"/>
</testsuite> <!-- com.test.Abc -->
